<?xml version="1.0" encoding="UTF-8"?>
<testsuite xmlns:xsi="http://www.w3.org/2001/XMLSchema-instance" xsi:noNamespaceSchemaLocation="https://maven.apache.org/surefire/maven-surefire-plugin/xsd/surefire-test-report-3.0.xsd" version="3.0" name="com.example.catalogo.CatalogoApplicationTests" time="7.32" tests="1" errors="0" skipped="0" failures="0">
  <properties>
[...]
</properties>
  <testcase name="contextLoads" classname="com.example.catalogo.CatalogoApplicationTests" time="0.519">
    <system-out><![CDATA[10:45:28.852 [main] INFO org.springframework.test.context.support.AnnotationConfigContextLoaderUtils -- Could not detect default configuration classes for test class [com.example.catalogo.CatalogoApplicationTests]: CatalogoApplicationTests does not declare any static, non-private, non-final, nested classes annotated with @Configuration.
10:45:28.999 [main] INFO org.springframework.boot.test.context.SpringBootTestContextBootstrapper -- Found @SpringBootConfiguration com.example.catalogo.CatalogoApplication for test class com.example.catalogo.CatalogoApplicationTests
10:45:29.268 [main] INFO org.springframework.boot.devtools.restart.RestartApplicationListener -- Restart disabled due to context in which it is running

  .   ____          _            __ _ _
 /\\ / ___'_ __ _ _(_)_ __  __ _ \ \ \ \
( ( )\___ | '_ | '_| | '_ \/ _` | \ \ \ \
 \\/  ___)| |_)| | | | | || (_| |  ) ) ) )
  '  |____| .__|_| |_|_| |_\__, | / / / /
 =========|_|==============|___/=/_/_/_/

 :: Spring Boot ::                (v3.3.2)

2024-07-20T10:45:30.154-03:00  INFO 27428 --- [catalogo] [           main] c.e.catalogo.CatalogoApplicationTests    : Starting CatalogoApplicationTests using Java 21.0.3 with PID 27428 (started by thaina.silva in C:\Users\thaina.silva\Documents\thaina\faculdade\join\catalogo)
2024-07-20T10:45:30.154-03:00  INFO 27428 --- [catalogo] [           main] c.e.catalogo.CatalogoApplicationTests    : No active profile set, falling back to 1 default profile: "default"
2024-07-20T10:45:31.027-03:00  INFO 27428 --- [catalogo] [           main] .s.d.r.c.RepositoryConfigurationDelegate : Bootstrapping Spring Data JPA repositories in DEFAULT mode.
2024-07-20T10:45:31.085-03:00  INFO 27428 --- [catalogo] [           main] .s.d.r.c.RepositoryConfigurationDelegate : Finished Spring Data repository scanning in 59 ms. Found 2 JPA repository interfaces.
2024-07-20T10:45:31.828-03:00  INFO 27428 --- [catalogo] [           main] com.zaxxer.hikari.HikariDataSource       : HikariPool-1 - Starting...
2024-07-20T10:45:32.143-03:00  INFO 27428 --- [catalogo] [           main] com.zaxxer.hikari.pool.HikariPool        : HikariPool-1 - Added connection org.postgresql.jdbc.PgConnection@1310fcb0
2024-07-20T10:45:32.143-03:00  INFO 27428 --- [catalogo] [           main] com.zaxxer.hikari.HikariDataSource       : HikariPool-1 - Start completed.
2024-07-20T10:45:32.175-03:00  INFO 27428 --- [catalogo] [           main] org.flywaydb.core.FlywayExecutor         : Database: jdbc:postgresql://localhost:5432/join_desafio (PostgreSQL 16.3)
2024-07-20T10:45:32.222-03:00  INFO 27428 --- [catalogo] [           main] o.f.c.i.s.JdbcTableSchemaHistory         : Schema history table "public"."flyway_schema_history" does not exist yet
2024-07-20T10:45:32.237-03:00  INFO 27428 --- [catalogo] [           main] o.f.core.internal.command.DbValidate     : Successfully validated 2 migrations (execution time 00:00.022s)
2024-07-20T10:45:32.253-03:00  INFO 27428 --- [catalogo] [           main] o.f.c.i.s.JdbcTableSchemaHistory         : Creating Schema History table "public"."flyway_schema_history" ...
2024-07-20T10:45:32.371-03:00  INFO 27428 --- [catalogo] [           main] o.f.core.internal.command.DbMigrate      : Current version of schema "public": << Empty Schema >>
2024-07-20T10:45:32.385-03:00  INFO 27428 --- [catalogo] [           main] o.f.core.internal.command.DbMigrate      : Migrating schema "public" to version "1 - create-table-produto"
2024-07-20T10:45:32.440-03:00  INFO 27428 --- [catalogo] [           main] o.f.core.internal.command.DbMigrate      : Migrating schema "public" to version "2 - create-table-categoria"
2024-07-20T10:45:32.463-03:00  INFO 27428 --- [catalogo] [           main] o.f.core.internal.command.DbMigrate      : Successfully applied 2 migrations to schema "public", now at version v2 (execution time 00:00.029s)
2024-07-20T10:45:32.654-03:00  INFO 27428 --- [catalogo] [           main] o.hibernate.jpa.internal.util.LogHelper  : HHH000204: Processing PersistenceUnitInfo [name: default]
2024-07-20T10:45:32.736-03:00  INFO 27428 --- [catalogo] [           main] org.hibernate.Version                    : HHH000412: Hibernate ORM core version 6.5.2.Final
2024-07-20T10:45:32.779-03:00  INFO 27428 --- [catalogo] [           main] o.h.c.internal.RegionFactoryInitiator    : HHH000026: Second-level cache disabled
2024-07-20T10:45:33.234-03:00  INFO 27428 --- [catalogo] [           main] o.s.o.j.p.SpringPersistenceUnitInfo      : No LoadTimeWeaver setup: ignoring JPA class transformer
2024-07-20T10:45:34.193-03:00  INFO 27428 --- [catalogo] [           main] o.h.e.t.j.p.i.JtaPlatformInitiator       : HHH000489: No JTA platform available (set 'hibernate.transaction.jta.platform' to enable JTA platform integration)
2024-07-20T10:45:34.193-03:00  INFO 27428 --- [catalogo] [           main] j.LocalContainerEntityManagerFactoryBean : Initialized JPA EntityManagerFactory for persistence unit 'default'
2024-07-20T10:45:34.777-03:00  WARN 27428 --- [catalogo] [           main] JpaBaseConfiguration$JpaWebConfiguration : spring.jpa.open-in-view is enabled by default. Therefore, database queries may be performed during view rendering. Explicitly configure spring.jpa.open-in-view to disable this warning
2024-07-20T10:45:35.362-03:00  INFO 27428 --- [catalogo] [           main] c.e.catalogo.CatalogoApplicationTests    : Started CatalogoApplicationTests in 6.115 seconds (process running for 7.806)
]]></system-out>
    <system-err><![CDATA[WARNING: A Java agent has been loaded dynamically (C:\Users\thaina.silva\.m2\repository\net\bytebuddy\byte-buddy-agent\1.14.18\byte-buddy-agent-1.14.18.jar)
WARNING: If a serviceability tool is in use, please run with -XX:+EnableDynamicAgentLoading to hide this warning
WARNING: If a serviceability tool is not in use, please run with -Djdk.instrument.traceUsage for more information
WARNING: Dynamic loading of agents will be disallowed by default in a future release
]]></system-err>
  </testcase>
</testsuite>